{"level":"info","message":"server running --- from server.ts","timestamp":"2024-10-24T01:58:39.678Z"}
{"level":"info","message":"GET URL REQ => http://localhost:6201/api/v1/user/updateProfile","timestamp":"2024-10-24T02:00:52.692Z"}
{"level":"error","message":"Error in Updating User Profile Data Cannot read properties of undefined (reading 'addresstype')","stack":"TypeError: Cannot read properties of undefined (reading 'addresstype')\n    at UserRepository.<anonymous> (C:\\Users\\VIJAY L\\Desktop\\ublis_backend-main\\src\\api\\users\\user-repository.ts:486:38)\n    at Generator.next (<anonymous>)\n    at C:\\Users\\VIJAY L\\Desktop\\ublis_backend-main\\src\\api\\users\\user-repository.ts:8:71\n    at new Promise (<anonymous>)\n    at __awaiter (C:\\Users\\VIJAY L\\Desktop\\ublis_backend-main\\src\\api\\users\\user-repository.ts:4:12)\n    at UserRepository.userProfileUpdateV1 (C:\\Users\\VIJAY L\\Desktop\\ublis_backend-main\\src\\api\\users\\user-repository.ts:370:16)\n    at Resolver.<anonymous> (C:\\Users\\VIJAY L\\Desktop\\ublis_backend-main\\src\\api\\resolver.ts:49:38)\n    at Generator.next (<anonymous>)\n    at C:\\Users\\VIJAY L\\Desktop\\ublis_backend-main\\src\\api\\resolver.ts:8:71\n    at new Promise (<anonymous>)","timestamp":"2024-10-24T02:00:52.726Z"}
{"level":"info","message":"server running --- from server.ts","timestamp":"2024-10-24T02:01:46.770Z"}
{"level":"info","message":"GET URL REQ => http://localhost:6201/api/v1/user/updateProfile","timestamp":"2024-10-24T02:01:49.235Z"}
{"level":"error","message":"Error in Updating User Profile Data Cannot read properties of undefined (reading 'addresstype')","stack":"TypeError: Cannot read properties of undefined (reading 'addresstype')\n    at UserRepository.<anonymous> (C:\\Users\\VIJAY L\\Desktop\\ublis_backend-main\\src\\api\\users\\user-repository.ts:487:38)\n    at Generator.next (<anonymous>)\n    at C:\\Users\\VIJAY L\\Desktop\\ublis_backend-main\\src\\api\\users\\user-repository.ts:8:71\n    at new Promise (<anonymous>)\n    at __awaiter (C:\\Users\\VIJAY L\\Desktop\\ublis_backend-main\\src\\api\\users\\user-repository.ts:4:12)\n    at UserRepository.userProfileUpdateV1 (C:\\Users\\VIJAY L\\Desktop\\ublis_backend-main\\src\\api\\users\\user-repository.ts:370:16)\n    at Resolver.<anonymous> (C:\\Users\\VIJAY L\\Desktop\\ublis_backend-main\\src\\api\\resolver.ts:49:38)\n    at Generator.next (<anonymous>)\n    at C:\\Users\\VIJAY L\\Desktop\\ublis_backend-main\\src\\api\\resolver.ts:8:71\n    at new Promise (<anonymous>)","timestamp":"2024-10-24T02:01:49.263Z"}
{"level":"info","message":"GET URL REQ => http://localhost:6201/api/v1/user/updateProfile","timestamp":"2024-10-24T02:02:07.176Z"}
{"level":"info","message":"server running --- from server.ts","timestamp":"2024-10-24T02:03:08.562Z"}
{"level":"info","message":"GET URL REQ => http://localhost:6201/api/v1/user/updateProfile","timestamp":"2024-10-24T02:03:09.364Z"}
{"level":"info","message":"server running --- from server.ts","timestamp":"2024-10-24T02:03:35.634Z"}
{"level":"info","message":"GET URL REQ => http://localhost:6201/api/v1/user/updateProfile","timestamp":"2024-10-24T02:03:40.177Z"}
{"level":"info","message":"server running --- from server.ts","timestamp":"2024-10-24T02:04:11.620Z"}
{"level":"info","message":"GET URL REQ => http://localhost:6201/api/v1/user/updateProfile","timestamp":"2024-10-24T02:04:18.309Z"}
{"level":"info","message":"server running --- from server.ts","timestamp":"2024-10-24T02:05:22.741Z"}
{"level":"info","message":"GET URL REQ => http://localhost:6201/api/v1/user/updateProfile","timestamp":"2024-10-24T02:05:26.121Z"}
{"level":"info","message":"server running --- from server.ts","timestamp":"2024-10-24T02:05:58.745Z"}
{"level":"info","message":"server running --- from server.ts","timestamp":"2024-10-24T02:08:18.056Z"}
{"level":"info","message":"server running --- from server.ts","timestamp":"2024-10-24T02:08:22.665Z"}
{"level":"info","message":"server running --- from server.ts","timestamp":"2024-10-24T02:08:33.050Z"}
{"level":"info","message":"GET URL REQ => http://localhost:6201/api/v1/user/updateProfile","timestamp":"2024-10-24T02:08:34.604Z"}
{"level":"info","message":"server running --- from server.ts","timestamp":"2024-10-24T02:09:01.205Z"}
{"level":"info","message":"server running --- from server.ts","timestamp":"2024-10-24T02:09:47.148Z"}
{"level":"info","message":"server running --- from server.ts","timestamp":"2024-10-24T02:10:29.215Z"}
{"level":"info","message":"server running --- from server.ts","timestamp":"2024-10-24T02:10:47.698Z"}
{"level":"info","message":"server running --- from server.ts","timestamp":"2024-10-24T02:10:58.711Z"}
{"level":"info","message":"server running --- from server.ts","timestamp":"2024-10-24T02:11:52.861Z"}
{"level":"info","message":"server running --- from server.ts","timestamp":"2024-10-24T02:11:57.259Z"}
{"level":"info","message":"server running --- from server.ts","timestamp":"2024-10-24T02:12:03.465Z"}
{"level":"info","message":"server running --- from server.ts","timestamp":"2024-10-24T02:12:07.965Z"}
{"level":"info","message":"server running --- from server.ts","timestamp":"2024-10-24T02:12:21.219Z"}
{"level":"info","message":"server running --- from server.ts","timestamp":"2024-10-24T02:12:26.166Z"}
{"level":"info","message":"server running --- from server.ts","timestamp":"2024-10-24T02:13:00.144Z"}
{"level":"info","message":"server running --- from server.ts","timestamp":"2024-10-24T02:13:17.022Z"}
{"level":"info","message":"server running --- from server.ts","timestamp":"2024-10-24T02:13:25.880Z"}
{"level":"info","message":"server running --- from server.ts","timestamp":"2024-10-24T02:13:33.260Z"}
{"level":"info","message":"server running --- from server.ts","timestamp":"2024-10-24T02:20:36.009Z"}
{"level":"info","message":"server running --- from server.ts","timestamp":"2024-10-24T02:20:44.223Z"}
{"level":"info","message":"GET URL REQ => http://localhost:6201/api/v1/user/updateProfile","timestamp":"2024-10-24T02:21:03.276Z"}
{"level":"error","message":"Error in Updating User Profile Data Database query failed: relation \"public.refUserPersonalData\" does not exist","stack":"Error: Database query failed: relation \"public.refUserPersonalData\" does not exist\n    at C:\\Users\\VIJAY L\\Desktop\\ublis_backend-main\\src\\helper\\db.ts:27:11\n    at Generator.throw (<anonymous>)\n    at rejected (C:\\Users\\VIJAY L\\Desktop\\ublis_backend-main\\src\\helper\\db.ts:6:65)\n    at processTicksAndRejections (node:internal/process/task_queues:95:5)","timestamp":"2024-10-24T02:21:03.410Z"}
{"level":"info","message":"server running --- from server.ts","timestamp":"2024-10-24T02:21:24.157Z"}
{"level":"info","message":"GET URL REQ => http://localhost:6201/api/v1/user/updateProfile","timestamp":"2024-10-24T02:21:26.549Z"}
{"level":"error","message":"Error in Updating User Profile Data Database query failed: relation \"public.refUserPersonalData\" does not exist","stack":"Error: Database query failed: relation \"public.refUserPersonalData\" does not exist\n    at C:\\Users\\VIJAY L\\Desktop\\ublis_backend-main\\src\\helper\\db.ts:27:11\n    at Generator.throw (<anonymous>)\n    at rejected (C:\\Users\\VIJAY L\\Desktop\\ublis_backend-main\\src\\helper\\db.ts:6:65)\n    at processTicksAndRejections (node:internal/process/task_queues:95:5)","timestamp":"2024-10-24T02:21:26.646Z"}
{"level":"info","message":"GET URL REQ => http://localhost:6201/api/v1/user/updateProfile","timestamp":"2024-10-24T02:22:22.986Z"}
{"level":"info","message":"GET URL REQ => http://localhost:6201/api/v1/user/updateProfile","timestamp":"2024-10-24T02:22:42.588Z"}
{"level":"info","message":"GET URL REQ => http://localhost:6201/api/v1/user/updateProfile","timestamp":"2024-10-24T02:23:53.955Z"}
{"level":"info","message":"GET URL REQ => http://localhost:6201/api/v1/user/updateProfile","timestamp":"2024-10-24T02:24:44.660Z"}
{"address":"0.0.0.0","code":"EADDRINUSE","errno":-4091,"level":"error","message":"Server not running... listen EADDRINUSE: address already in use 0.0.0.0:6201","port":6201,"stack":"Error: listen EADDRINUSE: address already in use 0.0.0.0:6201\n    at Server.setupListenHandle [as _listen2] (node:net:1904:16)\n    at listenInCluster (node:net:1961:12)\n    at doListen (node:net:2135:7)\n    at processTicksAndRejections (node:internal/process/task_queues:83:21)","syscall":"listen","timestamp":"2024-10-24T03:57:28.546Z"}
{"level":"info","message":"server running --- from server.ts","timestamp":"2024-10-24T03:57:59.276Z"}
{"level":"info","message":"server running --- from server.ts","timestamp":"2024-10-24T04:54:32.628Z"}
{"level":"info","message":"server running --- from server.ts","timestamp":"2024-10-24T04:54:36.482Z"}
{"level":"info","message":"server running --- from server.ts","timestamp":"2024-10-24T04:54:59.688Z"}
{"level":"info","message":"server running --- from server.ts","timestamp":"2024-10-24T04:55:20.486Z"}
{"level":"info","message":"server running --- from server.ts","timestamp":"2024-10-24T04:55:23.372Z"}
{"level":"info","message":"server running --- from server.ts","timestamp":"2024-10-24T04:55:58.846Z"}
{"level":"info","message":"server running --- from server.ts","timestamp":"2024-10-24T04:56:14.721Z"}
{"level":"info","message":"server running --- from server.ts","timestamp":"2024-10-24T04:57:37.543Z"}
{"level":"info","message":"server running --- from server.ts","timestamp":"2024-10-24T04:57:40.355Z"}
{"level":"info","message":"server running --- from server.ts","timestamp":"2024-10-24T04:57:53.481Z"}
{"level":"info","message":"server running --- from server.ts","timestamp":"2024-10-24T04:58:03.603Z"}
{"level":"info","message":"server running --- from server.ts","timestamp":"2024-10-24T04:58:18.291Z"}
{"level":"error","message":"Server not running... New route /api/v1/validatetoken conflicts with existing /api/v1/validatetoken","name":"AssertError","stack":"AssertError: New route /api/v1/validatetoken conflicts with existing /api/v1/validatetoken\n    at module.exports.internals.Segment.internals.Segment.add (C:\\Users\\VIJAY L\\Desktop\\ublis_backend-main\\node_modules\\@hapi\\call\\lib\\segment.js:47:14)\n    at exports.Router.internals.Router.internals.Router.add (C:\\Users\\VIJAY L\\Desktop\\ublis_backend-main\\node_modules\\@hapi\\call\\lib\\index.js:65:16)\n    at internals.Server._addRoute (C:\\Users\\VIJAY L\\Desktop\\ublis_backend-main\\node_modules\\@hapi\\hapi\\lib\\server.js:529:46)\n    at internals.Server.route (C:\\Users\\VIJAY L\\Desktop\\ublis_backend-main\\node_modules\\@hapi\\hapi\\lib\\server.js:518:22)\n    at C:\\Users\\VIJAY L\\Desktop\\ublis_backend-main\\src\\api\\routes.ts:19:14\n    at new Promise (<anonymous>)\n    at UserRouters.<anonymous> (C:\\Users\\VIJAY L\\Desktop\\ublis_backend-main\\src\\api\\routes.ts:17:12)\n    at Generator.next (<anonymous>)\n    at C:\\Users\\VIJAY L\\Desktop\\ublis_backend-main\\src\\api\\routes.ts:8:71\n    at new Promise (<anonymous>)","timestamp":"2024-10-24T04:58:33.872Z"}
{"level":"info","message":"server running --- from server.ts","timestamp":"2024-10-24T04:58:38.821Z"}
{"level":"info","message":"server running --- from server.ts","timestamp":"2024-10-24T04:58:47.628Z"}
{"level":"info","message":"server running --- from server.ts","timestamp":"2024-10-24T04:59:16.662Z"}
{"level":"info","message":"server running --- from server.ts","timestamp":"2024-10-24T04:59:37.270Z"}
{"level":"info","message":"server running --- from server.ts","timestamp":"2024-10-24T05:00:01.279Z"}
{"level":"info","message":"server running --- from server.ts","timestamp":"2024-10-24T05:00:34.006Z"}
{"level":"info","message":"server running --- from server.ts","timestamp":"2024-10-24T05:09:29.447Z"}
